-------------------------------------------------------------------------------
Test set: com.asi1.GameCard.GameCardApplicationTests
-------------------------------------------------------------------------------
Tests run: 1, Failures: 0, Errors: 1, Skipped: 0, Time elapsed: 1.27 s <<< FAILURE! - in com.asi1.GameCard.GameCardApplicationTests
contextLoads  Time elapsed: 0.003 s  <<< ERROR!
java.lang.IllegalStateException: Failed to load ApplicationContext for [WebMergedContextConfiguration@5fc7255c testClass = com.asi1.GameCard.GameCardApplicationTests, locations = [], classes = [com.asi1.GameCard.GameCardApplication], contextInitializerClasses = [], activeProfiles = [], propertySourceLocations = [], propertySourceProperties = ["org.springframework.boot.test.context.SpringBootTestContextBootstrapper=true"], contextCustomizers = [org.springframework.boot.test.context.filter.ExcludeFilterContextCustomizer@1649b0e6, org.springframework.boot.test.json.DuplicateJsonObjectContextCustomizerFactory$DuplicateJsonObjectContextCustomizer@503d687a, org.springframework.boot.test.mock.mockito.MockitoContextCustomizer@0, org.springframework.boot.test.web.client.TestRestTemplateContextCustomizer@747edf66, org.springframework.boot.test.autoconfigure.actuate.observability.ObservabilityContextCustomizerFactory$DisableObservabilityContextCustomizer@9da1, org.springframework.boot.test.autoconfigure.properties.PropertyMappingContextCustomizer@0, org.springframework.boot.test.autoconfigure.web.servlet.WebDriverContextCustomizerFactory$Customizer@31e5415e, org.springframework.boot.test.context.SpringBootTestAnnotation@aa10b4a4], resourceBasePath = "src/main/webapp", contextLoader = org.springframework.boot.test.context.SpringBootContextLoader, parent = null]
Caused by: org.springframework.beans.factory.UnsatisfiedDependencyException: Error creating bean with name 'userController' defined in file [/Users/mathisgorvien/Library/Mobile Documents/com~apple~CloudDocs/4ETI/S8/ASI/Ateliers/Atelier2/asi2_gr6/target/classes/com/asi1/GameCard/auth/controller/UserController.class]: Unsatisfied dependency expressed through constructor parameter 0: Error creating bean with name 'userService' defined in file [/Users/mathisgorvien/Library/Mobile Documents/com~apple~CloudDocs/4ETI/S8/ASI/Ateliers/Atelier2/asi2_gr6/target/classes/com/asi1/GameCard/auth/service/UserService.class]: Unsatisfied dependency expressed through constructor parameter 0: Error creating bean with name 'userRepository' defined in com.asi1.GameCard.auth.repository.UserRepository defined in @EnableJpaRepositories declared on GameCardApplication: Not a managed type: class com.asi1.GameCard.auth.model.User
Caused by: org.springframework.beans.factory.UnsatisfiedDependencyException: Error creating bean with name 'userService' defined in file [/Users/mathisgorvien/Library/Mobile Documents/com~apple~CloudDocs/4ETI/S8/ASI/Ateliers/Atelier2/asi2_gr6/target/classes/com/asi1/GameCard/auth/service/UserService.class]: Unsatisfied dependency expressed through constructor parameter 0: Error creating bean with name 'userRepository' defined in com.asi1.GameCard.auth.repository.UserRepository defined in @EnableJpaRepositories declared on GameCardApplication: Not a managed type: class com.asi1.GameCard.auth.model.User
Caused by: org.springframework.beans.factory.BeanCreationException: Error creating bean with name 'userRepository' defined in com.asi1.GameCard.auth.repository.UserRepository defined in @EnableJpaRepositories declared on GameCardApplication: Not a managed type: class com.asi1.GameCard.auth.model.User
Caused by: java.lang.IllegalArgumentException: Not a managed type: class com.asi1.GameCard.auth.model.User

